<?xml version="1.0" encoding="UTF-8"?>
<testsuite xmlns:xsi="http://www.w3.org/2001/XMLSchema-instance" xsi:noNamespaceSchemaLocation="https://maven.apache.org/surefire/maven-surefire-plugin/xsd/surefire-test-report-3.0.xsd" version="3.0" name="com.run.Runner" time="7.586" tests="4" errors="0" skipped="0" failures="0">
  <properties>
[...]
</properties>
  <testcase name="Given User is on the facebook login page" classname="Scenario: Validate first name field" time="0.001"/>
  <testcase name="When User enters the following in the corresponding fields" classname="Scenario: Validate first name field" time="0"/>
  <testcase name="Then The user sees that his name is present in the username field" classname="Scenario: Validate first name field" time="0"/>
  <testcase name="" classname="Scenario: Validate first name field" time="0.635"/>
</testsuite>